[ 2019-12-05T08:16:18+08:00 ] 59.36.132.240 /index.php
INFO: [ app_init ] --START--
INFO: Run Behavior\BuildLiteBehavior [ RunTime:0.000012s ]
INFO: [ app_init ] --END-- [ RunTime:0.012575s ]
INFO: [ app_begin ] --START--
INFO: Run Behavior\ReadHtmlCacheBehavior [ RunTime:0.002553s ]
INFO: [ app_begin ] --END-- [ RunTime:0.002593s ]
SQL: SHOW COLUMNS FROM `vv_config` [ RunTime:0.1124s ]
SQL: SELECT * FROM `vv_config`  [ RunTime:0.0080s ]
NOTIC: [8] Undefined index: imei /home/wwwroot/book_54zm_com/Application/Home/Controller/HomeController.class.php 第 34 行.
NOTIC: [8] Undefined index: chapid /home/wwwroot/book_54zm_com/Application/Home/Controller/HomeController.class.php 第 44 行.
NOTIC: [8] unserialize(): Error at offset 75 of 79 bytes /home/wwwroot/book_54zm_com/Application/Home/Controller/HomeController.class.php 第 65 行.
NOTIC: [8] unserialize(): Error at offset 45 of 108 bytes /home/wwwroot/book_54zm_com/Application/Home/Controller/HomeController.class.php 第 65 行.
NOTIC: [8] Undefined index: user_id /home/wwwroot/book_54zm_com/Application/Home/Controller/HomeController.class.php 第 73 行.
NOTIC: [8] Undefined index: parent /home/wwwroot/book_54zm_com/Application/Home/Controller/HomeController.class.php 第 136 行.
NOTIC: [8] Undefined index: uloginid /home/wwwroot/book_54zm_com/Application/Home/Controller/HomeController.class.php 第 145 行.
NOTIC: [8] Undefined index: zidongzhuce /home/wwwroot/book_54zm_com/Application/Home/Controller/HomeController.class.php 第 153 行.
SQL: SHOW COLUMNS FROM `vv_data` [ RunTime:0.0378s ]
SQL: SELECT * FROM `vv_data` WHERE ( date=20191204 ) LIMIT 1   [ RunTime:0.0003s ]
SQL: SHOW COLUMNS FROM `vv_order` [ RunTime:0.0146s ]
SQL: SELECT COUNT(*) AS tp_count FROM `vv_order` WHERE `create_time` BETWEEN 1575388800 AND 1575475200 LIMIT 1   [ RunTime:0.0003s ]
SQL: SELECT SUM(money) AS tp_sum FROM `vv_order` WHERE `create_time` BETWEEN 1575388800 AND 1575475200 LIMIT 1   [ RunTime:0.0002s ]
SQL: SHOW COLUMNS FROM `vv_user` [ RunTime:0.0198s ]
SQL: SELECT COUNT(*) AS tp_count FROM `vv_user` WHERE ( sub_time between 1575388800 and 1575475200 ) LIMIT 1   [ RunTime:0.0017s ]
SQL: INSERT INTO `vv_data` (`orders`,`total`,`subs`,`date`) VALUES ('0','0','1','20191204') [ RunTime:0.0092s ]
NOTIC: [8] Undefined index: isopen /home/wwwroot/book_54zm_com/Application/Home/Controller/HomeController.class.php 第 179 行.
NOTIC: [8] Undefined variable: adsPic /home/wwwroot/book_54zm_com/Application/Home/Controller/HomeController.class.php 第 212 行.
NOTIC: [8] Undefined index: uid /home/wwwroot/book_54zm_com/Application/Home/Controller/HomeController.class.php 第 213 行.
NOTIC: [8] Undefined index: sort /home/wwwroot/book_54zm_com/Application/Home/Controller/MhController.class.php 第 28 行.
SQL: SHOW COLUMNS FROM `vv_mh_list` [ RunTime:0.0425s ]
SQL: SELECT * FROM `vv_mh_list` WHERE `mhcate` LIKE '%5%' ORDER BY sort desc LIMIT 6   [ RunTime:0.0002s ]
NOTIC: [8] Undefined index: sort /home/wwwroot/book_54zm_com/Application/Home/Controller/MhController.class.php 第 28 行.
SQL: SELECT * FROM `vv_mh_list` WHERE `mhcate` LIKE '%6%' ORDER BY sort desc LIMIT 6   [ RunTime:0.0002s ]
NOTIC: [8] Undefined index: sort /home/wwwroot/book_54zm_com/Application/Home/Controller/MhController.class.php 第 28 行.
SQL: SELECT * FROM `vv_mh_list` WHERE `mhcate` LIKE '%7%' ORDER BY sort desc LIMIT 6   [ RunTime:0.0001s ]
NOTIC: [8] Undefined index: sort /home/wwwroot/book_54zm_com/Application/Home/Controller/MhController.class.php 第 28 行.
SQL: SELECT * FROM `vv_mh_list` WHERE `mhcate` LIKE '%8%' ORDER BY sort desc LIMIT 6   [ RunTime:0.0002s ]
NOTIC: [8] Undefined index: sort /home/wwwroot/book_54zm_com/Application/Home/Controller/MhController.class.php 第 28 行.
SQL: SELECT * FROM `vv_mh_list` WHERE `mhcate` LIKE '%9%' ORDER BY sort desc LIMIT 6   [ RunTime:0.0001s ]
NOTIC: [8] Undefined index: sort /home/wwwroot/book_54zm_com/Application/Home/Controller/MhController.class.php 第 28 行.
SQL: SELECT * FROM `vv_mh_list` WHERE `mhcate` LIKE '%10%' ORDER BY sort desc LIMIT 6   [ RunTime:0.0001s ]
NOTIC: [8] Undefined index: sort /home/wwwroot/book_54zm_com/Application/Home/Controller/MhController.class.php 第 28 行.
SQL: SELECT * FROM `vv_mh_list` WHERE `mhcate` LIKE '%11%' ORDER BY sort desc LIMIT 6   [ RunTime:0.0001s ]
NOTIC: [8] Undefined index: sort /home/wwwroot/book_54zm_com/Application/Home/Controller/MhController.class.php 第 28 行.
SQL: SELECT * FROM `vv_mh_list` WHERE `mhcate` LIKE '%12%' ORDER BY sort desc LIMIT 6   [ RunTime:0.0002s ]
SQL: SELECT * FROM `vv_mh_list` WHERE `free_type` = 1 ORDER BY sort desc  [ RunTime:0.0001s ]
INFO: [ view_parse ] --START--
INFO: [ template_filter ] --START--
INFO: Run Behavior\ContentReplaceBehavior [ RunTime:0.000059s ]
INFO: [ template_filter ] --END-- [ RunTime:0.000090s ]
NOTIC: [8] Undefined variable: share /home/wwwroot/book_54zm_com/Application/Runtime/Cache/Home/67199abba7efdab949490dffef721944.php 第 203 行.
NOTIC: [8] Undefined variable: share /home/wwwroot/book_54zm_com/Application/Runtime/Cache/Home/67199abba7efdab949490dffef721944.php 第 204 行.
NOTIC: [8] Undefined variable: share /home/wwwroot/book_54zm_com/Application/Runtime/Cache/Home/67199abba7efdab949490dffef721944.php 第 205 行.
NOTIC: [8] Undefined index: thirdcode /home/wwwroot/book_54zm_com/Application/Runtime/Cache/Home/67199abba7efdab949490dffef721944.php 第 252 行.
INFO: Run Behavior\ParseTemplateBehavior [ RunTime:0.066412s ]
INFO: [ view_parse ] --END-- [ RunTime:0.066450s ]
INFO: [ view_filter ] --START--
INFO: Run Behavior\WriteHtmlCacheBehavior [ RunTime:0.001408s ]
INFO: [ view_filter ] --END-- [ RunTime:0.001429s ]
INFO: [ app_end ] --START--
INFO: Run Behavior\ShowPageTraceBehavior [ RunTime:0.001764s ]
INFO: [ app_end ] --END-- [ RunTime:0.001786s ]

[ 2019-12-05T10:09:13+08:00 ] 59.36.132.240 /index.php?m%3D%26c%3DMh%26a%3Dbook_recent_read
INFO: [ app_init ] --START--
INFO: Run Behavior\BuildLiteBehavior [ RunTime:0.000009s ]
INFO: [ app_init ] --END-- [ RunTime:0.000261s ]
INFO: [ app_begin ] --START--
INFO: Run Behavior\ReadHtmlCacheBehavior [ RunTime:0.000316s ]
INFO: [ app_begin ] --END-- [ RunTime:0.000339s ]
SQL: SHOW COLUMNS FROM `vv_config` [ RunTime:0.0005s ]
SQL: SELECT * FROM `vv_config`  [ RunTime:0.0002s ]
NOTIC: [8] Undefined index: imei /home/wwwroot/book_54zm_com/Application/Home/Controller/HomeController.class.php 第 34 行.
NOTIC: [8] Undefined index: chapid /home/wwwroot/book_54zm_com/Application/Home/Controller/HomeController.class.php 第 44 行.
NOTIC: [8] unserialize(): Error at offset 75 of 79 bytes /home/wwwroot/book_54zm_com/Application/Home/Controller/HomeController.class.php 第 65 行.
NOTIC: [8] unserialize(): Error at offset 45 of 108 bytes /home/wwwroot/book_54zm_com/Application/Home/Controller/HomeController.class.php 第 65 行.
NOTIC: [8] Undefined index: user_id /home/wwwroot/book_54zm_com/Application/Home/Controller/HomeController.class.php 第 73 行.
NOTIC: [8] Undefined index: parent /home/wwwroot/book_54zm_com/Application/Home/Controller/HomeController.class.php 第 136 行.
NOTIC: [8] Undefined index: uloginid /home/wwwroot/book_54zm_com/Application/Home/Controller/HomeController.class.php 第 145 行.
NOTIC: [8] Undefined index: zidongzhuce /home/wwwroot/book_54zm_com/Application/Home/Controller/HomeController.class.php 第 153 行.
SQL: SHOW COLUMNS FROM `vv_data` [ RunTime:0.0005s ]
SQL: SELECT * FROM `vv_data` WHERE ( date=20191204 ) LIMIT 1   [ RunTime:0.0002s ]
NOTIC: [8] Undefined index: isopen /home/wwwroot/book_54zm_com/Application/Home/Controller/HomeController.class.php 第 179 行.
NOTIC: [8] Undefined variable: adsPic /home/wwwroot/book_54zm_com/Application/Home/Controller/HomeController.class.php 第 212 行.
NOTIC: [8] Undefined index: uid /home/wwwroot/book_54zm_com/Application/Home/Controller/HomeController.class.php 第 213 行.
NOTIC: [8] Undefined index: sort /home/wwwroot/book_54zm_com/Application/Home/Controller/MhController.class.php 第 28 行.
SQL: SHOW COLUMNS FROM `vv_mh_list` [ RunTime:0.0007s ]
SQL: SELECT * FROM `vv_mh_list` WHERE `mhcate` LIKE '%5%' ORDER BY sort desc LIMIT 6   [ RunTime:0.0002s ]
NOTIC: [8] Undefined index: sort /home/wwwroot/book_54zm_com/Application/Home/Controller/MhController.class.php 第 28 行.
SQL: SELECT * FROM `vv_mh_list` WHERE `mhcate` LIKE '%6%' ORDER BY sort desc LIMIT 6   [ RunTime:0.0002s ]
NOTIC: [8] Undefined index: sort /home/wwwroot/book_54zm_com/Application/Home/Controller/MhController.class.php 第 28 行.
SQL: SELECT * FROM `vv_mh_list` WHERE `mhcate` LIKE '%7%' ORDER BY sort desc LIMIT 6   [ RunTime:0.0001s ]
NOTIC: [8] Undefined index: sort /home/wwwroot/book_54zm_com/Application/Home/Controller/MhController.class.php 第 28 行.
SQL: SELECT * FROM `vv_mh_list` WHERE `mhcate` LIKE '%8%' ORDER BY sort desc LIMIT 6   [ RunTime:0.0001s ]
NOTIC: [8] Undefined index: sort /home/wwwroot/book_54zm_com/Application/Home/Controller/MhController.class.php 第 28 行.
SQL: SELECT * FROM `vv_mh_list` WHERE `mhcate` LIKE '%9%' ORDER BY sort desc LIMIT 6   [ RunTime:0.0001s ]
NOTIC: [8] Undefined index: sort /home/wwwroot/book_54zm_com/Application/Home/Controller/MhController.class.php 第 28 行.
SQL: SELECT * FROM `vv_mh_list` WHERE `mhcate` LIKE '%10%' ORDER BY sort desc LIMIT 6   [ RunTime:0.0002s ]
NOTIC: [8] Undefined index: sort /home/wwwroot/book_54zm_com/Application/Home/Controller/MhController.class.php 第 28 行.
SQL: SELECT * FROM `vv_mh_list` WHERE `mhcate` LIKE '%11%' ORDER BY sort desc LIMIT 6   [ RunTime:0.0001s ]
NOTIC: [8] Undefined index: sort /home/wwwroot/book_54zm_com/Application/Home/Controller/MhController.class.php 第 28 行.
SQL: SELECT * FROM `vv_mh_list` WHERE `mhcate` LIKE '%12%' ORDER BY sort desc LIMIT 6   [ RunTime:0.0001s ]
SQL: SELECT * FROM `vv_mh_list` WHERE `free_type` = 1 ORDER BY sort desc  [ RunTime:0.0001s ]
INFO: [ view_parse ] --START--
INFO: [ template_filter ] --START--
INFO: Run Behavior\ContentReplaceBehavior [ RunTime:0.000058s ]
INFO: [ template_filter ] --END-- [ RunTime:0.000082s ]
NOTIC: [8] Undefined variable: share /home/wwwroot/book_54zm_com/Application/Runtime/Cache/Home/67199abba7efdab949490dffef721944.php 第 203 行.
NOTIC: [8] Undefined variable: share /home/wwwroot/book_54zm_com/Application/Runtime/Cache/Home/67199abba7efdab949490dffef721944.php 第 204 行.
NOTIC: [8] Undefined variable: share /home/wwwroot/book_54zm_com/Application/Runtime/Cache/Home/67199abba7efdab949490dffef721944.php 第 205 行.
NOTIC: [8] Undefined index: thirdcode /home/wwwroot/book_54zm_com/Application/Runtime/Cache/Home/67199abba7efdab949490dffef721944.php 第 252 行.
INFO: Run Behavior\ParseTemplateBehavior [ RunTime:0.006372s ]
INFO: [ view_parse ] --END-- [ RunTime:0.006396s ]
INFO: [ view_filter ] --START--
INFO: Run Behavior\WriteHtmlCacheBehavior [ RunTime:0.000104s ]
INFO: [ view_filter ] --END-- [ RunTime:0.000115s ]
INFO: [ app_end ] --START--
INFO: Run Behavior\ShowPageTraceBehavior [ RunTime:0.000324s ]
INFO: [ app_end ] --END-- [ RunTime:0.000340s ]

[ 2019-12-05T10:29:00+08:00 ] 183.13.188.240 /MyPay.php
INFO: [ app_init ] --START--
INFO: Run Behavior\BuildLiteBehavior [ RunTime:0.000010s ]
INFO: [ app_init ] --END-- [ RunTime:0.000247s ]
INFO: [ app_begin ] --START--
INFO: Run Behavior\ReadHtmlCacheBehavior [ RunTime:0.000367s ]
INFO: [ app_begin ] --END-- [ RunTime:0.000391s ]
ERR: 无法加载控制器:MyPay.php

[ 2019-12-05T10:29:09+08:00 ] 183.13.188.240 /mypay.php
INFO: [ app_init ] --START--
INFO: Run Behavior\BuildLiteBehavior [ RunTime:0.000008s ]
INFO: [ app_init ] --END-- [ RunTime:0.000228s ]
INFO: [ app_begin ] --START--
INFO: Run Behavior\ReadHtmlCacheBehavior [ RunTime:0.000345s ]
INFO: [ app_begin ] --END-- [ RunTime:0.000367s ]
SQL: SHOW COLUMNS FROM `vv_config` [ RunTime:0.0007s ]
SQL: SELECT * FROM `vv_config`  [ RunTime:0.0002s ]
NOTIC: [8] unserialize(): Error at offset 75 of 79 bytes /home/wwwroot/book_54zm_com/Application/Home/Controller/MyPayController.class.php 第 18 行.
NOTIC: [8] unserialize(): Error at offset 45 of 108 bytes /home/wwwroot/book_54zm_com/Application/Home/Controller/MyPayController.class.php 第 18 行.
INFO: [ app_end ] --START--
INFO: Run Behavior\ShowPageTraceBehavior [ RunTime:0.000402s ]
INFO: [ app_end ] --END-- [ RunTime:0.000426s ]

[ 2019-12-05T10:29:12+08:00 ] 183.13.188.240 /mypay.php
INFO: [ app_init ] --START--
INFO: Run Behavior\BuildLiteBehavior [ RunTime:0.000007s ]
INFO: [ app_init ] --END-- [ RunTime:0.000205s ]
INFO: [ app_begin ] --START--
INFO: Run Behavior\ReadHtmlCacheBehavior [ RunTime:0.000269s ]
INFO: [ app_begin ] --END-- [ RunTime:0.000290s ]
SQL: SHOW COLUMNS FROM `vv_config` [ RunTime:0.0008s ]
SQL: SELECT * FROM `vv_config`  [ RunTime:0.0003s ]
NOTIC: [8] unserialize(): Error at offset 75 of 79 bytes /home/wwwroot/book_54zm_com/Application/Home/Controller/MyPayController.class.php 第 18 行.
NOTIC: [8] unserialize(): Error at offset 45 of 108 bytes /home/wwwroot/book_54zm_com/Application/Home/Controller/MyPayController.class.php 第 18 行.
INFO: [ app_end ] --START--
INFO: Run Behavior\ShowPageTraceBehavior [ RunTime:0.000457s ]
INFO: [ app_end ] --END-- [ RunTime:0.000482s ]

[ 2019-12-05T10:29:24+08:00 ] 183.13.188.240 /mypay.php?asasa
INFO: [ app_init ] --START--
INFO: Run Behavior\BuildLiteBehavior [ RunTime:0.000010s ]
INFO: [ app_init ] --END-- [ RunTime:0.000264s ]
INFO: [ app_begin ] --START--
INFO: Run Behavior\ReadHtmlCacheBehavior [ RunTime:0.000308s ]
INFO: [ app_begin ] --END-- [ RunTime:0.000329s ]
SQL: SHOW COLUMNS FROM `vv_config` [ RunTime:0.0006s ]
SQL: SELECT * FROM `vv_config`  [ RunTime:0.0003s ]
NOTIC: [8] unserialize(): Error at offset 75 of 79 bytes /home/wwwroot/book_54zm_com/Application/Home/Controller/MyPayController.class.php 第 18 行.
NOTIC: [8] unserialize(): Error at offset 45 of 108 bytes /home/wwwroot/book_54zm_com/Application/Home/Controller/MyPayController.class.php 第 18 行.
INFO: [ app_end ] --START--
INFO: Run Behavior\ShowPageTraceBehavior [ RunTime:0.000500s ]
INFO: [ app_end ] --END-- [ RunTime:0.000524s ]

[ 2019-12-05T10:34:01+08:00 ] 183.13.188.240 /mypay.php?asasa
INFO: [ app_init ] --START--
INFO: Run Behavior\BuildLiteBehavior [ RunTime:0.000010s ]
INFO: [ app_init ] --END-- [ RunTime:0.000282s ]
INFO: [ app_begin ] --START--
INFO: Run Behavior\ReadHtmlCacheBehavior [ RunTime:0.000417s ]
INFO: [ app_begin ] --END-- [ RunTime:0.000487s ]
SQL: SHOW COLUMNS FROM `vv_config` [ RunTime:0.0005s ]
SQL: SELECT * FROM `vv_config`  [ RunTime:0.0002s ]
NOTIC: [8] unserialize(): Error at offset 75 of 79 bytes /home/wwwroot/book_54zm_com/Application/Home/Controller/MyPayController.class.php 第 18 行.
NOTIC: [8] unserialize(): Error at offset 45 of 108 bytes /home/wwwroot/book_54zm_com/Application/Home/Controller/MyPayController.class.php 第 18 行.
INFO: [ app_end ] --START--
INFO: Run Behavior\ShowPageTraceBehavior [ RunTime:0.000380s ]
INFO: [ app_end ] --END-- [ RunTime:0.000403s ]

[ 2019-12-05T10:34:05+08:00 ] 183.13.188.240 /mypay.php?asasa=asas
INFO: [ app_init ] --START--
INFO: Run Behavior\BuildLiteBehavior [ RunTime:0.000007s ]
INFO: [ app_init ] --END-- [ RunTime:0.000170s ]
INFO: [ app_begin ] --START--
INFO: Run Behavior\ReadHtmlCacheBehavior [ RunTime:0.000236s ]
INFO: [ app_begin ] --END-- [ RunTime:0.000252s ]
SQL: SHOW COLUMNS FROM `vv_config` [ RunTime:0.0006s ]
SQL: SELECT * FROM `vv_config`  [ RunTime:0.0002s ]
NOTIC: [8] unserialize(): Error at offset 75 of 79 bytes /home/wwwroot/book_54zm_com/Application/Home/Controller/MyPayController.class.php 第 18 行.
NOTIC: [8] unserialize(): Error at offset 45 of 108 bytes /home/wwwroot/book_54zm_com/Application/Home/Controller/MyPayController.class.php 第 18 行.
INFO: [ app_end ] --START--
INFO: Run Behavior\ShowPageTraceBehavior [ RunTime:0.000364s ]
INFO: [ app_end ] --END-- [ RunTime:0.000389s ]

[ 2019-12-05T10:35:33+08:00 ] 183.13.188.240 /mypay.php?asasa=asas
INFO: [ app_init ] --START--
INFO: Run Behavior\BuildLiteBehavior [ RunTime:0.000007s ]
INFO: [ app_init ] --END-- [ RunTime:0.000172s ]
INFO: [ app_begin ] --START--
INFO: Run Behavior\ReadHtmlCacheBehavior [ RunTime:0.000258s ]
INFO: [ app_begin ] --END-- [ RunTime:0.000276s ]
SQL: SHOW COLUMNS FROM `vv_config` [ RunTime:0.0005s ]
SQL: SELECT * FROM `vv_config`  [ RunTime:0.0002s ]
NOTIC: [8] unserialize(): Error at offset 75 of 79 bytes /home/wwwroot/book_54zm_com/Application/Home/Controller/MyPayController.class.php 第 18 行.
NOTIC: [8] unserialize(): Error at offset 45 of 108 bytes /home/wwwroot/book_54zm_com/Application/Home/Controller/MyPayController.class.php 第 18 行.
INFO: [ app_end ] --START--
INFO: Run Behavior\ShowPageTraceBehavior [ RunTime:0.000277s ]
INFO: [ app_end ] --END-- [ RunTime:0.000295s ]

[ 2019-12-05T10:36:28+08:00 ] 183.13.188.240 /mypay.php?asasa=asas
INFO: [ app_init ] --START--
INFO: Run Behavior\BuildLiteBehavior [ RunTime:0.000007s ]
INFO: [ app_init ] --END-- [ RunTime:0.000189s ]
INFO: [ app_begin ] --START--
INFO: Run Behavior\ReadHtmlCacheBehavior [ RunTime:0.000255s ]
INFO: [ app_begin ] --END-- [ RunTime:0.000275s ]
SQL: SHOW COLUMNS FROM `vv_config` [ RunTime:0.0005s ]
SQL: SELECT * FROM `vv_config`  [ RunTime:0.0002s ]
NOTIC: [8] unserialize(): Error at offset 75 of 79 bytes /home/wwwroot/book_54zm_com/Application/Home/Controller/MyPayController.class.php 第 18 行.
NOTIC: [8] unserialize(): Error at offset 45 of 108 bytes /home/wwwroot/book_54zm_com/Application/Home/Controller/MyPayController.class.php 第 18 行.
INFO: [ app_end ] --START--
INFO: Run Behavior\ShowPageTraceBehavior [ RunTime:0.000298s ]
INFO: [ app_end ] --END-- [ RunTime:0.000316s ]

[ 2019-12-05T10:36:31+08:00 ] 183.13.188.240 /mypay.php?asasa=asas
INFO: [ app_init ] --START--
INFO: Run Behavior\BuildLiteBehavior [ RunTime:0.000009s ]
INFO: [ app_init ] --END-- [ RunTime:0.000241s ]
INFO: [ app_begin ] --START--
INFO: Run Behavior\ReadHtmlCacheBehavior [ RunTime:0.000351s ]
INFO: [ app_begin ] --END-- [ RunTime:0.000370s ]
SQL: SHOW COLUMNS FROM `vv_config` [ RunTime:0.0005s ]
SQL: SELECT * FROM `vv_config`  [ RunTime:0.0002s ]
NOTIC: [8] unserialize(): Error at offset 75 of 79 bytes /home/wwwroot/book_54zm_com/Application/Home/Controller/MyPayController.class.php 第 18 行.
NOTIC: [8] unserialize(): Error at offset 45 of 108 bytes /home/wwwroot/book_54zm_com/Application/Home/Controller/MyPayController.class.php 第 18 行.
INFO: [ app_end ] --START--
INFO: Run Behavior\ShowPageTraceBehavior [ RunTime:0.000504s ]
INFO: [ app_end ] --END-- [ RunTime:0.000528s ]

[ 2019-12-05T10:37:49+08:00 ] 183.13.188.240 /mypay.php?asasa=asas
INFO: [ app_init ] --START--
INFO: Run Behavior\BuildLiteBehavior [ RunTime:0.000009s ]
INFO: [ app_init ] --END-- [ RunTime:0.000245s ]
INFO: [ app_begin ] --START--
INFO: Run Behavior\ReadHtmlCacheBehavior [ RunTime:0.000350s ]
INFO: [ app_begin ] --END-- [ RunTime:0.000383s ]
SQL: SHOW COLUMNS FROM `vv_config` [ RunTime:0.0005s ]
SQL: SELECT * FROM `vv_config`  [ RunTime:0.0002s ]
NOTIC: [8] unserialize(): Error at offset 75 of 79 bytes /home/wwwroot/book_54zm_com/Application/Home/Controller/MyPayController.class.php 第 18 行.
NOTIC: [8] unserialize(): Error at offset 45 of 108 bytes /home/wwwroot/book_54zm_com/Application/Home/Controller/MyPayController.class.php 第 18 行.
INFO: [ app_end ] --START--
INFO: Run Behavior\ShowPageTraceBehavior [ RunTime:0.000285s ]
INFO: [ app_end ] --END-- [ RunTime:0.000305s ]

[ 2019-12-05T10:37:51+08:00 ] 183.13.188.240 /mypay.php?asasa=asas
INFO: [ app_init ] --START--
INFO: Run Behavior\BuildLiteBehavior [ RunTime:0.000010s ]
INFO: [ app_init ] --END-- [ RunTime:0.000255s ]
INFO: [ app_begin ] --START--
INFO: Run Behavior\ReadHtmlCacheBehavior [ RunTime:0.000340s ]
INFO: [ app_begin ] --END-- [ RunTime:0.000363s ]
SQL: SHOW COLUMNS FROM `vv_config` [ RunTime:0.0005s ]
SQL: SELECT * FROM `vv_config`  [ RunTime:0.0002s ]
NOTIC: [8] unserialize(): Error at offset 75 of 79 bytes /home/wwwroot/book_54zm_com/Application/Home/Controller/MyPayController.class.php 第 18 行.
NOTIC: [8] unserialize(): Error at offset 45 of 108 bytes /home/wwwroot/book_54zm_com/Application/Home/Controller/MyPayController.class.php 第 18 行.
INFO: [ app_end ] --START--
INFO: Run Behavior\ShowPageTraceBehavior [ RunTime:0.000493s ]
INFO: [ app_end ] --END-- [ RunTime:0.000519s ]

[ 2019-12-05T10:37:52+08:00 ] 183.13.188.240 /mypay.php?asasa=asas
INFO: [ app_init ] --START--
INFO: Run Behavior\BuildLiteBehavior [ RunTime:0.000018s ]
INFO: [ app_init ] --END-- [ RunTime:0.000337s ]
INFO: [ app_begin ] --START--
INFO: Run Behavior\ReadHtmlCacheBehavior [ RunTime:0.000386s ]
INFO: [ app_begin ] --END-- [ RunTime:0.000411s ]
SQL: SHOW COLUMNS FROM `vv_config` [ RunTime:0.0006s ]
SQL: SELECT * FROM `vv_config`  [ RunTime:0.0002s ]
NOTIC: [8] unserialize(): Error at offset 75 of 79 bytes /home/wwwroot/book_54zm_com/Application/Home/Controller/MyPayController.class.php 第 18 行.
NOTIC: [8] unserialize(): Error at offset 45 of 108 bytes /home/wwwroot/book_54zm_com/Application/Home/Controller/MyPayController.class.php 第 18 行.
INFO: [ app_end ] --START--
INFO: Run Behavior\ShowPageTraceBehavior [ RunTime:0.000421s ]
INFO: [ app_end ] --END-- [ RunTime:0.000448s ]

[ 2019-12-05T10:37:53+08:00 ] 183.13.188.240 /mypay.php?asasa=asas
INFO: [ app_init ] --START--
INFO: Run Behavior\BuildLiteBehavior [ RunTime:0.000010s ]
INFO: [ app_init ] --END-- [ RunTime:0.000241s ]
INFO: [ app_begin ] --START--
INFO: Run Behavior\ReadHtmlCacheBehavior [ RunTime:0.000343s ]
INFO: [ app_begin ] --END-- [ RunTime:0.000365s ]
SQL: SHOW COLUMNS FROM `vv_config` [ RunTime:0.0007s ]
SQL: SELECT * FROM `vv_config`  [ RunTime:0.0003s ]
NOTIC: [8] unserialize(): Error at offset 75 of 79 bytes /home/wwwroot/book_54zm_com/Application/Home/Controller/MyPayController.class.php 第 18 行.
NOTIC: [8] unserialize(): Error at offset 45 of 108 bytes /home/wwwroot/book_54zm_com/Application/Home/Controller/MyPayController.class.php 第 18 行.
INFO: [ app_end ] --START--
INFO: Run Behavior\ShowPageTraceBehavior [ RunTime:0.000485s ]
INFO: [ app_end ] --END-- [ RunTime:0.000512s ]

[ 2019-12-05T10:37:59+08:00 ] 183.13.188.240 /mypay.php?asasa=asas
INFO: [ app_init ] --START--
INFO: Run Behavior\BuildLiteBehavior [ RunTime:0.000007s ]
INFO: [ app_init ] --END-- [ RunTime:0.000175s ]
INFO: [ app_begin ] --START--
INFO: Run Behavior\ReadHtmlCacheBehavior [ RunTime:0.000239s ]
INFO: [ app_begin ] --END-- [ RunTime:0.000255s ]
SQL: SHOW COLUMNS FROM `vv_config` [ RunTime:0.0006s ]
SQL: SELECT * FROM `vv_config`  [ RunTime:0.0002s ]
NOTIC: [8] unserialize(): Error at offset 75 of 79 bytes /home/wwwroot/book_54zm_com/Application/Home/Controller/MyPayController.class.php 第 18 行.
NOTIC: [8] unserialize(): Error at offset 45 of 108 bytes /home/wwwroot/book_54zm_com/Application/Home/Controller/MyPayController.class.php 第 18 行.
INFO: [ app_end ] --START--
INFO: Run Behavior\ShowPageTraceBehavior [ RunTime:0.000316s ]
INFO: [ app_end ] --END-- [ RunTime:0.000351s ]

[ 2019-12-05T10:38:57+08:00 ] 183.39.129.22 /mypay.php
INFO: [ app_init ] --START--
INFO: Run Behavior\BuildLiteBehavior [ RunTime:0.000010s ]
INFO: [ app_init ] --END-- [ RunTime:0.000356s ]
INFO: [ app_begin ] --START--
INFO: Run Behavior\ReadHtmlCacheBehavior [ RunTime:0.000334s ]
INFO: [ app_begin ] --END-- [ RunTime:0.000358s ]
SQL: SHOW COLUMNS FROM `vv_config` [ RunTime:0.0005s ]
SQL: SELECT * FROM `vv_config`  [ RunTime:0.0002s ]
NOTIC: [8] unserialize(): Error at offset 75 of 79 bytes /home/wwwroot/book_54zm_com/Application/Home/Controller/MyPayController.class.php 第 18 行.
NOTIC: [8] unserialize(): Error at offset 45 of 108 bytes /home/wwwroot/book_54zm_com/Application/Home/Controller/MyPayController.class.php 第 18 行.
INFO: [ app_end ] --START--
INFO: Run Behavior\ShowPageTraceBehavior [ RunTime:0.000314s ]
INFO: [ app_end ] --END-- [ RunTime:0.000333s ]

[ 2019-12-05T10:40:57+08:00 ] 183.39.129.22 /mypay.php
INFO: [ app_init ] --START--
INFO: Run Behavior\BuildLiteBehavior [ RunTime:0.000009s ]
INFO: [ app_init ] --END-- [ RunTime:0.000248s ]
INFO: [ app_begin ] --START--
INFO: Run Behavior\ReadHtmlCacheBehavior [ RunTime:0.000373s ]
INFO: [ app_begin ] --END-- [ RunTime:0.000403s ]
SQL: SHOW COLUMNS FROM `vv_config` [ RunTime:0.0007s ]
SQL: SELECT * FROM `vv_config`  [ RunTime:0.0002s ]
NOTIC: [8] unserialize(): Error at offset 75 of 79 bytes /home/wwwroot/book_54zm_com/Application/Home/Controller/MyPayController.class.php 第 18 行.
NOTIC: [8] unserialize(): Error at offset 45 of 108 bytes /home/wwwroot/book_54zm_com/Application/Home/Controller/MyPayController.class.php 第 18 行.
INFO: [ app_end ] --START--
INFO: Run Behavior\ShowPageTraceBehavior [ RunTime:0.000423s ]
INFO: [ app_end ] --END-- [ RunTime:0.000448s ]

[ 2019-12-05T10:51:26+08:00 ] 183.13.188.240 /mypay.php?asasa=asas
INFO: [ app_init ] --START--
INFO: Run Behavior\BuildLiteBehavior [ RunTime:0.000009s ]
INFO: [ app_init ] --END-- [ RunTime:0.000230s ]
INFO: [ app_begin ] --START--
INFO: Run Behavior\ReadHtmlCacheBehavior [ RunTime:0.000272s ]
INFO: [ app_begin ] --END-- [ RunTime:0.000293s ]
SQL: SHOW COLUMNS FROM `vv_config` [ RunTime:0.0005s ]
SQL: SELECT * FROM `vv_config`  [ RunTime:0.0002s ]
NOTIC: [8] unserialize(): Error at offset 75 of 79 bytes /home/wwwroot/book_54zm_com/Application/Home/Controller/MyPayController.class.php 第 18 行.
NOTIC: [8] unserialize(): Error at offset 45 of 108 bytes /home/wwwroot/book_54zm_com/Application/Home/Controller/MyPayController.class.php 第 18 行.
INFO: [ app_end ] --START--
INFO: Run Behavior\ShowPageTraceBehavior [ RunTime:0.000348s ]
INFO: [ app_end ] --END-- [ RunTime:0.000374s ]

[ 2019-12-05T10:51:55+08:00 ] 183.13.188.240 /mypay.php?asasa=asas
INFO: [ app_init ] --START--
INFO: Run Behavior\BuildLiteBehavior [ RunTime:0.000009s ]
INFO: [ app_init ] --END-- [ RunTime:0.000187s ]
INFO: [ app_begin ] --START--
INFO: Run Behavior\ReadHtmlCacheBehavior [ RunTime:0.000301s ]
INFO: [ app_begin ] --END-- [ RunTime:0.000326s ]
SQL: SHOW COLUMNS FROM `vv_config` [ RunTime:0.0004s ]
SQL: SELECT * FROM `vv_config`  [ RunTime:0.0002s ]
NOTIC: [8] unserialize(): Error at offset 75 of 79 bytes /home/wwwroot/book_54zm_com/Application/Home/Controller/MyPayController.class.php 第 18 行.
NOTIC: [8] unserialize(): Error at offset 45 of 108 bytes /home/wwwroot/book_54zm_com/Application/Home/Controller/MyPayController.class.php 第 18 行.
INFO: [ app_end ] --START--
INFO: Run Behavior\ShowPageTraceBehavior [ RunTime:0.000362s ]
INFO: [ app_end ] --END-- [ RunTime:0.000386s ]

[ 2019-12-05T10:51:56+08:00 ] 183.13.188.240 /mypay.php?asasa=asas
INFO: [ app_init ] --START--
INFO: Run Behavior\BuildLiteBehavior [ RunTime:0.000008s ]
INFO: [ app_init ] --END-- [ RunTime:0.000195s ]
INFO: [ app_begin ] --START--
INFO: Run Behavior\ReadHtmlCacheBehavior [ RunTime:0.000328s ]
INFO: [ app_begin ] --END-- [ RunTime:0.000347s ]
SQL: SHOW COLUMNS FROM `vv_config` [ RunTime:0.0004s ]
SQL: SELECT * FROM `vv_config`  [ RunTime:0.0002s ]
NOTIC: [8] unserialize(): Error at offset 75 of 79 bytes /home/wwwroot/book_54zm_com/Application/Home/Controller/MyPayController.class.php 第 18 行.
NOTIC: [8] unserialize(): Error at offset 45 of 108 bytes /home/wwwroot/book_54zm_com/Application/Home/Controller/MyPayController.class.php 第 18 行.
INFO: [ app_end ] --START--
INFO: Run Behavior\ShowPageTraceBehavior [ RunTime:0.000350s ]
INFO: [ app_end ] --END-- [ RunTime:0.000403s ]

[ 2019-12-05T10:51:56+08:00 ] 183.13.188.240 /mypay.php?asasa=asas
INFO: [ app_init ] --START--
INFO: Run Behavior\BuildLiteBehavior [ RunTime:0.000031s ]
INFO: [ app_init ] --END-- [ RunTime:0.000228s ]
INFO: [ app_begin ] --START--
INFO: Run Behavior\ReadHtmlCacheBehavior [ RunTime:0.000299s ]
INFO: [ app_begin ] --END-- [ RunTime:0.000324s ]
SQL: SHOW COLUMNS FROM `vv_config` [ RunTime:0.0006s ]
SQL: SELECT * FROM `vv_config`  [ RunTime:0.0003s ]
NOTIC: [8] unserialize(): Error at offset 75 of 79 bytes /home/wwwroot/book_54zm_com/Application/Home/Controller/MyPayController.class.php 第 18 行.
NOTIC: [8] unserialize(): Error at offset 45 of 108 bytes /home/wwwroot/book_54zm_com/Application/Home/Controller/MyPayController.class.php 第 18 行.
INFO: [ app_end ] --START--
INFO: Run Behavior\ShowPageTraceBehavior [ RunTime:0.000498s ]
INFO: [ app_end ] --END-- [ RunTime:0.000525s ]

[ 2019-12-05T10:51:57+08:00 ] 183.13.188.240 /mypay.php?asasa=asas
INFO: [ app_init ] --START--
INFO: Run Behavior\BuildLiteBehavior [ RunTime:0.000032s ]
INFO: [ app_init ] --END-- [ RunTime:0.000298s ]
INFO: [ app_begin ] --START--
INFO: Run Behavior\ReadHtmlCacheBehavior [ RunTime:0.000294s ]
INFO: [ app_begin ] --END-- [ RunTime:0.000315s ]
SQL: SHOW COLUMNS FROM `vv_config` [ RunTime:0.0006s ]
SQL: SELECT * FROM `vv_config`  [ RunTime:0.0002s ]
NOTIC: [8] unserialize(): Error at offset 75 of 79 bytes /home/wwwroot/book_54zm_com/Application/Home/Controller/MyPayController.class.php 第 18 行.
NOTIC: [8] unserialize(): Error at offset 45 of 108 bytes /home/wwwroot/book_54zm_com/Application/Home/Controller/MyPayController.class.php 第 18 行.
INFO: [ app_end ] --START--
INFO: Run Behavior\ShowPageTraceBehavior [ RunTime:0.000392s ]
INFO: [ app_end ] --END-- [ RunTime:0.000415s ]

[ 2019-12-05T10:51:57+08:00 ] 183.13.188.240 /mypay.php?asasa=asas
INFO: [ app_init ] --START--
INFO: Run Behavior\BuildLiteBehavior [ RunTime:0.000007s ]
INFO: [ app_init ] --END-- [ RunTime:0.000184s ]
INFO: [ app_begin ] --START--
INFO: Run Behavior\ReadHtmlCacheBehavior [ RunTime:0.000284s ]
INFO: [ app_begin ] --END-- [ RunTime:0.000303s ]
SQL: SHOW COLUMNS FROM `vv_config` [ RunTime:0.0007s ]
SQL: SELECT * FROM `vv_config`  [ RunTime:0.0003s ]
NOTIC: [8] unserialize(): Error at offset 75 of 79 bytes /home/wwwroot/book_54zm_com/Application/Home/Controller/MyPayController.class.php 第 18 行.
NOTIC: [8] unserialize(): Error at offset 45 of 108 bytes /home/wwwroot/book_54zm_com/Application/Home/Controller/MyPayController.class.php 第 18 行.
INFO: [ app_end ] --START--
INFO: Run Behavior\ShowPageTraceBehavior [ RunTime:0.000324s ]
INFO: [ app_end ] --END-- [ RunTime:0.000347s ]

[ 2019-12-05T10:51:58+08:00 ] 183.13.188.240 /mypay.php?asasa=asas
INFO: [ app_init ] --START--
INFO: Run Behavior\BuildLiteBehavior [ RunTime:0.000007s ]
INFO: [ app_init ] --END-- [ RunTime:0.000224s ]
INFO: [ app_begin ] --START--
INFO: Run Behavior\ReadHtmlCacheBehavior [ RunTime:0.000223s ]
INFO: [ app_begin ] --END-- [ RunTime:0.000243s ]
SQL: SHOW COLUMNS FROM `vv_config` [ RunTime:0.0005s ]
SQL: SELECT * FROM `vv_config`  [ RunTime:0.0002s ]
NOTIC: [8] unserialize(): Error at offset 75 of 79 bytes /home/wwwroot/book_54zm_com/Application/Home/Controller/MyPayController.class.php 第 18 行.
NOTIC: [8] unserialize(): Error at offset 45 of 108 bytes /home/wwwroot/book_54zm_com/Application/Home/Controller/MyPayController.class.php 第 18 行.
INFO: [ app_end ] --START--
INFO: Run Behavior\ShowPageTraceBehavior [ RunTime:0.000417s ]
INFO: [ app_end ] --END-- [ RunTime:0.000442s ]

[ 2019-12-05T10:52:07+08:00 ] 183.13.188.240 /mypay.php?asasa=asas
INFO: [ app_init ] --START--
INFO: Run Behavior\BuildLiteBehavior [ RunTime:0.000006s ]
INFO: [ app_init ] --END-- [ RunTime:0.000175s ]
INFO: [ app_begin ] --START--
INFO: Run Behavior\ReadHtmlCacheBehavior [ RunTime:0.000423s ]
INFO: [ app_begin ] --END-- [ RunTime:0.000440s ]
SQL: SHOW COLUMNS FROM `vv_config` [ RunTime:0.0006s ]
SQL: SELECT * FROM `vv_config`  [ RunTime:0.0002s ]
NOTIC: [8] unserialize(): Error at offset 75 of 79 bytes /home/wwwroot/book_54zm_com/Application/Home/Controller/MyPayController.class.php 第 18 行.
NOTIC: [8] unserialize(): Error at offset 45 of 108 bytes /home/wwwroot/book_54zm_com/Application/Home/Controller/MyPayController.class.php 第 18 行.
INFO: [ app_end ] --START--
INFO: Run Behavior\ShowPageTraceBehavior [ RunTime:0.000417s ]
INFO: [ app_end ] --END-- [ RunTime:0.000443s ]

[ 2019-12-05T10:56:44+08:00 ] 183.13.188.240 /mypay.php?asasa=asas
INFO: [ app_init ] --START--
INFO: Run Behavior\BuildLiteBehavior [ RunTime:0.000009s ]
INFO: [ app_init ] --END-- [ RunTime:0.000232s ]
INFO: [ app_begin ] --START--
INFO: Run Behavior\ReadHtmlCacheBehavior [ RunTime:0.000293s ]
INFO: [ app_begin ] --END-- [ RunTime:0.000315s ]
SQL: SHOW COLUMNS FROM `vv_config` [ RunTime:0.0005s ]
SQL: SELECT * FROM `vv_config`  [ RunTime:0.0003s ]
NOTIC: [8] unserialize(): Error at offset 75 of 79 bytes /home/wwwroot/book_54zm_com/Application/Home/Controller/MyPayController.class.php 第 18 行.
NOTIC: [8] unserialize(): Error at offset 45 of 108 bytes /home/wwwroot/book_54zm_com/Application/Home/Controller/MyPayController.class.php 第 18 行.
INFO: [ app_end ] --START--
INFO: Run Behavior\ShowPageTraceBehavior [ RunTime:0.000291s ]
INFO: [ app_end ] --END-- [ RunTime:0.000310s ]

[ 2019-12-05T10:56:46+08:00 ] 183.13.188.240 /mypay.php?asasa=asas
INFO: [ app_init ] --START--
INFO: Run Behavior\BuildLiteBehavior [ RunTime:0.000008s ]
INFO: [ app_init ] --END-- [ RunTime:0.000205s ]
INFO: [ app_begin ] --START--
INFO: Run Behavior\ReadHtmlCacheBehavior [ RunTime:0.000402s ]
INFO: [ app_begin ] --END-- [ RunTime:0.000472s ]
SQL: SHOW COLUMNS FROM `vv_config` [ RunTime:0.0006s ]
SQL: SELECT * FROM `vv_config`  [ RunTime:0.0002s ]
NOTIC: [8] unserialize(): Error at offset 75 of 79 bytes /home/wwwroot/book_54zm_com/Application/Home/Controller/MyPayController.class.php 第 18 行.
NOTIC: [8] unserialize(): Error at offset 45 of 108 bytes /home/wwwroot/book_54zm_com/Application/Home/Controller/MyPayController.class.php 第 18 行.
INFO: [ app_end ] --START--
INFO: Run Behavior\ShowPageTraceBehavior [ RunTime:0.000610s ]
INFO: [ app_end ] --END-- [ RunTime:0.000638s ]

[ 2019-12-05T10:56:54+08:00 ] 183.13.188.240 /mypay.php
INFO: [ app_init ] --START--
INFO: Run Behavior\BuildLiteBehavior [ RunTime:0.000010s ]
INFO: [ app_init ] --END-- [ RunTime:0.000261s ]
INFO: [ app_begin ] --START--
INFO: Run Behavior\ReadHtmlCacheBehavior [ RunTime:0.000332s ]
INFO: [ app_begin ] --END-- [ RunTime:0.000356s ]
SQL: SHOW COLUMNS FROM `vv_config` [ RunTime:0.0006s ]
SQL: SELECT * FROM `vv_config`  [ RunTime:0.0002s ]
NOTIC: [8] unserialize(): Error at offset 75 of 79 bytes /home/wwwroot/book_54zm_com/Application/Home/Controller/MyPayController.class.php 第 18 行.
NOTIC: [8] unserialize(): Error at offset 45 of 108 bytes /home/wwwroot/book_54zm_com/Application/Home/Controller/MyPayController.class.php 第 18 行.
INFO: [ app_end ] --START--
INFO: Run Behavior\ShowPageTraceBehavior [ RunTime:0.000476s ]
INFO: [ app_end ] --END-- [ RunTime:0.000502s ]

[ 2019-12-05T10:56:56+08:00 ] 183.13.188.240 /mypay.php
INFO: [ app_init ] --START--
INFO: Run Behavior\BuildLiteBehavior [ RunTime:0.000008s ]
INFO: [ app_init ] --END-- [ RunTime:0.000241s ]
INFO: [ app_begin ] --START--
INFO: Run Behavior\ReadHtmlCacheBehavior [ RunTime:0.000255s ]
INFO: [ app_begin ] --END-- [ RunTime:0.000276s ]
SQL: SHOW COLUMNS FROM `vv_config` [ RunTime:0.0005s ]
SQL: SELECT * FROM `vv_config`  [ RunTime:0.0002s ]
NOTIC: [8] unserialize(): Error at offset 75 of 79 bytes /home/wwwroot/book_54zm_com/Application/Home/Controller/MyPayController.class.php 第 18 行.
NOTIC: [8] unserialize(): Error at offset 45 of 108 bytes /home/wwwroot/book_54zm_com/Application/Home/Controller/MyPayController.class.php 第 18 行.
INFO: [ app_end ] --START--
INFO: Run Behavior\ShowPageTraceBehavior [ RunTime:0.000362s ]
INFO: [ app_end ] --END-- [ RunTime:0.000382s ]

[ 2019-12-05T10:57:18+08:00 ] 183.13.188.240 /mypay.php
INFO: [ app_init ] --START--
INFO: Run Behavior\BuildLiteBehavior [ RunTime:0.000008s ]
INFO: [ app_init ] --END-- [ RunTime:0.000253s ]
INFO: [ app_begin ] --START--
INFO: Run Behavior\ReadHtmlCacheBehavior [ RunTime:0.000288s ]
INFO: [ app_begin ] --END-- [ RunTime:0.000306s ]
SQL: SHOW COLUMNS FROM `vv_config` [ RunTime:0.0004s ]
SQL: SELECT * FROM `vv_config`  [ RunTime:0.0002s ]
NOTIC: [8] unserialize(): Error at offset 75 of 79 bytes /home/wwwroot/book_54zm_com/Application/Home/Controller/MyPayController.class.php 第 18 行.
NOTIC: [8] unserialize(): Error at offset 45 of 108 bytes /home/wwwroot/book_54zm_com/Application/Home/Controller/MyPayController.class.php 第 18 行.
INFO: [ app_end ] --START--
INFO: Run Behavior\ShowPageTraceBehavior [ RunTime:0.000372s ]
INFO: [ app_end ] --END-- [ RunTime:0.000395s ]

[ 2019-12-05T11:02:18+08:00 ] 183.13.188.240 /mypay.php
INFO: [ app_init ] --START--
INFO: Run Behavior\BuildLiteBehavior [ RunTime:0.000006s ]
INFO: [ app_init ] --END-- [ RunTime:0.000170s ]
INFO: [ app_begin ] --START--
INFO: Run Behavior\ReadHtmlCacheBehavior [ RunTime:0.000243s ]
INFO: [ app_begin ] --END-- [ RunTime:0.000261s ]
SQL: SHOW COLUMNS FROM `vv_config` [ RunTime:0.0004s ]
SQL: SELECT * FROM `vv_config`  [ RunTime:0.0002s ]
NOTIC: [8] unserialize(): Error at offset 75 of 79 bytes /home/wwwroot/book_54zm_com/Application/Home/Controller/MyPayController.class.php 第 18 行.
NOTIC: [8] unserialize(): Error at offset 45 of 108 bytes /home/wwwroot/book_54zm_com/Application/Home/Controller/MyPayController.class.php 第 18 行.
INFO: [ app_end ] --START--
INFO: Run Behavior\ShowPageTraceBehavior [ RunTime:0.000292s ]
INFO: [ app_end ] --END-- [ RunTime:0.000310s ]

[ 2019-12-05T11:02:19+08:00 ] 183.13.188.240 /mypay.php
INFO: [ app_init ] --START--
INFO: Run Behavior\BuildLiteBehavior [ RunTime:0.000009s ]
INFO: [ app_init ] --END-- [ RunTime:0.000219s ]
INFO: [ app_begin ] --START--
INFO: Run Behavior\ReadHtmlCacheBehavior [ RunTime:0.000299s ]
INFO: [ app_begin ] --END-- [ RunTime:0.000320s ]
SQL: SHOW COLUMNS FROM `vv_config` [ RunTime:0.0005s ]
SQL: SELECT * FROM `vv_config`  [ RunTime:0.0002s ]
NOTIC: [8] unserialize(): Error at offset 75 of 79 bytes /home/wwwroot/book_54zm_com/Application/Home/Controller/MyPayController.class.php 第 18 行.
NOTIC: [8] unserialize(): Error at offset 45 of 108 bytes /home/wwwroot/book_54zm_com/Application/Home/Controller/MyPayController.class.php 第 18 行.
INFO: [ app_end ] --START--
INFO: Run Behavior\ShowPageTraceBehavior [ RunTime:0.000292s ]
INFO: [ app_end ] --END-- [ RunTime:0.000309s ]

[ 2019-12-05T11:02:23+08:00 ] 183.13.188.240 /mypay.php
INFO: [ app_init ] --START--
INFO: Run Behavior\BuildLiteBehavior [ RunTime:0.000011s ]
INFO: [ app_init ] --END-- [ RunTime:0.000285s ]
INFO: [ app_begin ] --START--
INFO: Run Behavior\ReadHtmlCacheBehavior [ RunTime:0.000342s ]
INFO: [ app_begin ] --END-- [ RunTime:0.000367s ]
SQL: SHOW COLUMNS FROM `vv_config` [ RunTime:0.0005s ]
SQL: SELECT * FROM `vv_config`  [ RunTime:0.0003s ]
NOTIC: [8] unserialize(): Error at offset 75 of 79 bytes /home/wwwroot/book_54zm_com/Application/Home/Controller/MyPayController.class.php 第 18 行.
NOTIC: [8] unserialize(): Error at offset 45 of 108 bytes /home/wwwroot/book_54zm_com/Application/Home/Controller/MyPayController.class.php 第 18 行.
INFO: [ app_end ] --START--
INFO: Run Behavior\ShowPageTraceBehavior [ RunTime:0.000331s ]
INFO: [ app_end ] --END-- [ RunTime:0.000353s ]

[ 2019-12-05T11:02:24+08:00 ] 183.13.188.240 /mypay.php
INFO: [ app_init ] --START--
INFO: Run Behavior\BuildLiteBehavior [ RunTime:0.000013s ]
INFO: [ app_init ] --END-- [ RunTime:0.000239s ]
INFO: [ app_begin ] --START--
INFO: Run Behavior\ReadHtmlCacheBehavior [ RunTime:0.000251s ]
INFO: [ app_begin ] --END-- [ RunTime:0.000270s ]
SQL: SHOW COLUMNS FROM `vv_config` [ RunTime:0.0005s ]
SQL: SELECT * FROM `vv_config`  [ RunTime:0.0002s ]
NOTIC: [8] unserialize(): Error at offset 75 of 79 bytes /home/wwwroot/book_54zm_com/Application/Home/Controller/MyPayController.class.php 第 18 行.
NOTIC: [8] unserialize(): Error at offset 45 of 108 bytes /home/wwwroot/book_54zm_com/Application/Home/Controller/MyPayController.class.php 第 18 行.
INFO: [ app_end ] --START--
INFO: Run Behavior\ShowPageTraceBehavior [ RunTime:0.000483s ]
INFO: [ app_end ] --END-- [ RunTime:0.000509s ]

[ 2019-12-05T11:02:29+08:00 ] 183.13.188.240 /mypay.php
INFO: [ app_init ] --START--
INFO: Run Behavior\BuildLiteBehavior [ RunTime:0.000009s ]
INFO: [ app_init ] --END-- [ RunTime:0.000247s ]
INFO: [ app_begin ] --START--
INFO: Run Behavior\ReadHtmlCacheBehavior [ RunTime:0.000466s ]
INFO: [ app_begin ] --END-- [ RunTime:0.000489s ]
SQL: SHOW COLUMNS FROM `vv_config` [ RunTime:0.0007s ]
SQL: SELECT * FROM `vv_config`  [ RunTime:0.0003s ]
NOTIC: [8] unserialize(): Error at offset 75 of 79 bytes /home/wwwroot/book_54zm_com/Application/Home/Controller/MyPayController.class.php 第 18 行.
NOTIC: [8] unserialize(): Error at offset 45 of 108 bytes /home/wwwroot/book_54zm_com/Application/Home/Controller/MyPayController.class.php 第 18 行.
INFO: [ app_end ] --START--
INFO: Run Behavior\ShowPageTraceBehavior [ RunTime:0.000439s ]
INFO: [ app_end ] --END-- [ RunTime:0.000472s ]

